<?xml version="1.0" encoding="UTF-8"?>
<testng-results total="1" passed="1" failed="0" skipped="0">
  <reporter-output>
  </reporter-output>
  <suite started-at="2018-10-19T20:47:08Z" name="BDD Test Suite" finished-at="2018-10-19T20:47:09Z" duration-ms="288">
    <groups>
      <group name="cucumber">
        <method signature="TestRunner.feature(cucumber.api.testng.CucumberFeatureWrapper)[pri:0, instance:runner.TestRunner@498d318c]" name="feature" class="runner.TestRunner"/>
      </group> <!-- cucumber -->
    </groups>
    <test started-at="2018-10-19T20:47:08Z" name="Login and Update Profile Test" finished-at="2018-10-19T20:47:09Z" duration-ms="288">
      <class name="runner.TestRunner">
        <test-method is-config="true" signature="setUpClass()[pri:0, instance:runner.TestRunner@498d318c]" started-at="2018-10-19T15:47:08Z" name="setUpClass" finished-at="2018-10-19T15:47:09Z" duration-ms="170" status="PASS">
          <reporter-output>
          </reporter-output>
        </test-method> <!-- setUpClass -->
        <test-method signature="feature(cucumber.api.testng.CucumberFeatureWrapper)[pri:0, instance:runner.TestRunner@498d318c]" started-at="2018-10-19T15:47:09Z" name="feature" description="Runs Cucumber Feature" data-provider="features" finished-at="2018-10-19T15:47:09Z" duration-ms="28" status="PASS">
          <params>
            <param index="0">
              <value>
                <![CDATA[User Sessions]]>
              </value>
            </param>
          </params>
          <reporter-output>
          </reporter-output>
        </test-method> <!-- feature -->
        <test-method is-config="true" signature="tearDownClass()[pri:0, instance:runner.TestRunner@498d318c]" started-at="2018-10-19T15:47:09Z" name="tearDownClass" finished-at="2018-10-19T15:47:09Z" duration-ms="21" status="PASS">
          <reporter-output>
          </reporter-output>
        </test-method> <!-- tearDownClass -->
      </class> <!-- runner.TestRunner -->
    </test> <!-- Login and Update Profile Test -->
  </suite> <!-- BDD Test Suite -->
</testng-results>
